2023-10-10 15:35:53,201 - __main__ - INFO - Token value: Token not available!
2023-10-10 15:35:53,994 - __main__ - INFO - Weather in Berlin: 15.02
2023-10-10 15:39:51,251 - __main__ - INFO - Token value: Token not available!
2023-10-10 15:39:51,996 - __main__ - INFO - Weather in Berlin: 15.02
2023-10-10 21:41:02,608 - __main__ - INFO - Token value: abcd
2023-10-10 21:41:02,745 - __main__ - INFO - Weather in Berlin: 15.14
2023-10-16 18:32:19,130 - __main__ - INFO - Token value: abcd
2023-10-16 18:32:19,805 - __main__ - INFO - Weather in Berlin: 7.96
2023-10-16 14:39:54,176 - __main__ - INFO - Token value: Token not available!
2023-10-16 14:39:54,948 - __main__ - INFO - Weather in Tampa: 20.42
2023-10-16 18:46:54,942 - __main__ - INFO - Token value: abcd
2023-10-16 18:46:55,641 - __main__ - INFO - Weather in Tampa: 20.42
2023-10-16 18:55:15,654 - __main__ - INFO - Token value: abcd
2023-10-16 18:55:16,246 - __main__ - INFO - Weather in Tampa: 20.42
2023-10-16 19:09:25,242 - __main__ - INFO - Token value: abcd
2023-10-16 19:09:25,900 - __main__ - INFO - Weather in Tampa: 20.42
2023-10-16 19:24:50,655 - __main__ - INFO - Weather in Tampa: 20.42C
2023-10-16 19:27:54,046 - __main__ - INFO - Weather in Tampa: 20.42C
2023-10-16 19:36:57,386 - __main__ - INFO - Weather in Tampa: 20.42C
2023-10-16 19:46:10,194 - __main__ - INFO - Weather in Tampa: 20.24C
2023-10-16 19:55:31,826 - __main__ - INFO - Weather in Tampa: 20.24C
2023-10-16 20:13:08,571 - __main__ - INFO - Weather in Tampa: 20.24C
2023-10-16 20:26:00,395 - __main__ - INFO - Weather in Tampa: 20.24C
2023-10-16 20:36:46,823 - __main__ - INFO - Weather in Tampa: 20.24C
2023-10-16 20:46:08,296 - __main__ - INFO - Weather in Tampa: 20.24C
2023-10-16 20:55:19,851 - __main__ - INFO - Weather in Tampa: 20.24C
2023-10-16 21:10:48,255 - __main__ - INFO - Weather in Tampa: 20.4C
2023-10-16 21:21:04,105 - __main__ - INFO - Weather in Tampa: 20.25C
2023-10-16 21:30:17,861 - __main__ - INFO - Weather in Tampa: 20.4C
2023-10-16 21:39:43,051 - __main__ - INFO - Weather in Tampa: 20.25C
2023-10-16 21:48:59,154 - __main__ - INFO - Weather in Tampa: 20.25C
2023-10-16 21:58:25,173 - __main__ - INFO - Weather in Tampa: 20.4C
2023-10-16 22:15:34,662 - __main__ - INFO - Weather in Tampa: 19.46C
2023-10-16 22:28:26,704 - __main__ - INFO - Weather in Tampa: 19.33C
2023-10-16 22:37:50,813 - __main__ - INFO - Weather in Tampa: 19.33C
2023-10-16 22:47:01,212 - __main__ - INFO - Weather in Tampa: 19.33C
2023-10-16 22:56:29,614 - __main__ - INFO - Weather in Tampa: 19.33C
2023-10-16 23:12:47,206 - __main__ - INFO - Weather in Tampa: 19.33C
